{
  "stats": {
    "suites": 1,
    "tests": 3,
    "passes": 0,
    "pending": 0,
    "failures": 3,
    "start": "2025-05-10T05:17:20.249Z",
    "end": "2025-05-10T05:17:50.799Z",
    "duration": 30550,
    "testsRegistered": 3,
    "passPercent": 0,
    "pendingPercent": 0,
    "other": 0,
    "hasOther": false,
    "skipped": 0,
    "hasSkipped": false
  },
  "results": [
    {
      "uuid": "65ff01ff-554f-441a-b646-2440abcc648e",
      "title": "",
      "fullFile": "cypress\\e2e\\ReadingParticularData.cy.js",
      "file": "cypress\\e2e\\ReadingParticularData.cy.js",
      "beforeHooks": [],
      "afterHooks": [],
      "tests": [],
      "suites": [
        {
          "uuid": "2999b395-b647-444c-a034-01100c4bcd21",
          "title": "reading particular data from a file",
          "fullFile": "",
          "file": "",
          "beforeHooks": [],
          "afterHooks": [],
          "tests": [
            {
              "title": "reads and logs first 2 characters - test 1",
              "fullTitle": "reading particular data from a file reads and logs first 2 characters - test 1",
              "timedOut": null,
              "duration": 10145,
              "state": "failed",
              "speed": null,
              "pass": false,
              "fail": true,
              "pending": false,
              "context": "{\n  \"title\": \"cypress-mochawesome-reporter-screenshots\",\n  \"value\": [\n    [\n      \"\\\\ReadingParticularData.cy.js\\\\reading particular data from a file -- reads and logs first 2 characters - test 1 (failed).png\"\n    ]\n  ]\n}",
              "code": "cy.readFile(\"cypress/downloads/dummy_file.txt\").then(data => {\n  const sliced = data.slice(0, 2);\n  cy.log(sliced);\n});",
              "err": {
                "message": "AssertionError: Timed out retrying after 10000ms: `cy.readFile(\"cypress/downloads/dummy_file.txt\")` failed because the file does not exist at the following path:\n\n`C:\\Users\\kanik\\Cypress_Automation\\cypress\\downloads\\dummy_file.txt`\n\nhttps://on.cypress.io/readfile",
                "estack": "AssertionError: Timed out retrying after 10000ms: `cy.readFile(\"cypress/downloads/dummy_file.txt\")` failed because the file does not exist at the following path:\n\n`C:\\Users\\kanik\\Cypress_Automation\\cypress\\downloads\\dummy_file.txt`\n\nhttps://on.cypress.io/readfile\n    at Context.eval (webpack://cypressautomaion/./cypress/e2e/ReadingParticularData.cy.js:4:9)",
                "diff": null
              },
              "uuid": "63bbc06e-9b56-4858-80b5-24856f87fc90",
              "parentUUID": "2999b395-b647-444c-a034-01100c4bcd21",
              "isHook": false,
              "skipped": false
            },
            {
              "title": "reads and logs words split by space - test 2",
              "fullTitle": "reading particular data from a file reads and logs words split by space - test 2",
              "timedOut": null,
              "duration": 10144,
              "state": "failed",
              "speed": null,
              "pass": false,
              "fail": true,
              "pending": false,
              "context": "{\n  \"title\": \"cypress-mochawesome-reporter-screenshots\",\n  \"value\": [\n    [\n      \"\\\\ReadingParticularData.cy.js\\\\reading particular data from a file -- reads and logs words split by space - test 2 (failed).png\"\n    ]\n  ]\n}",
              "code": "cy.readFile(\"cypress/downloads/dummy_file.txt\").then(data => {\n  const sliced = data.split(\" \");\n  cy.log(sliced);\n});",
              "err": {
                "message": "AssertionError: Timed out retrying after 10000ms: `cy.readFile(\"cypress/downloads/dummy_file.txt\")` failed because the file does not exist at the following path:\n\n`C:\\Users\\kanik\\Cypress_Automation\\cypress\\downloads\\dummy_file.txt`\n\nhttps://on.cypress.io/readfile",
                "estack": "AssertionError: Timed out retrying after 10000ms: `cy.readFile(\"cypress/downloads/dummy_file.txt\")` failed because the file does not exist at the following path:\n\n`C:\\Users\\kanik\\Cypress_Automation\\cypress\\downloads\\dummy_file.txt`\n\nhttps://on.cypress.io/readfile\n    at Context.eval (webpack://cypressautomaion/./cypress/e2e/ReadingParticularData.cy.js:11:9)",
                "diff": null
              },
              "uuid": "585cf280-0bf0-45b8-94ad-86247322b67d",
              "parentUUID": "2999b395-b647-444c-a034-01100c4bcd21",
              "isHook": false,
              "skipped": false
            },
            {
              "title": "reads and logs words split by space - test 3",
              "fullTitle": "reading particular data from a file reads and logs words split by space - test 3",
              "timedOut": null,
              "duration": 10157,
              "state": "failed",
              "speed": null,
              "pass": false,
              "fail": true,
              "pending": false,
              "context": "{\n  \"title\": \"cypress-mochawesome-reporter-screenshots\",\n  \"value\": [\n    [\n      \"\\\\ReadingParticularData.cy.js\\\\reading particular data from a file -- reads and logs words split by space - test 3 (failed).png\"\n    ]\n  ]\n}",
              "code": "cy.readFile(\"cypress/downloads/dummy_file.txt\").then(data => {\n  const alphabet = \"i\";\n  const count = [...data].filter(char => char === alphabet).length;\n  cy.log(count);\n});",
              "err": {
                "message": "AssertionError: Timed out retrying after 10000ms: `cy.readFile(\"cypress/downloads/dummy_file.txt\")` failed because the file does not exist at the following path:\n\n`C:\\Users\\kanik\\Cypress_Automation\\cypress\\downloads\\dummy_file.txt`\n\nhttps://on.cypress.io/readfile",
                "estack": "AssertionError: Timed out retrying after 10000ms: `cy.readFile(\"cypress/downloads/dummy_file.txt\")` failed because the file does not exist at the following path:\n\n`C:\\Users\\kanik\\Cypress_Automation\\cypress\\downloads\\dummy_file.txt`\n\nhttps://on.cypress.io/readfile\n    at Context.eval (webpack://cypressautomaion/./cypress/e2e/ReadingParticularData.cy.js:18:9)",
                "diff": null
              },
              "uuid": "dba870cc-84a1-407a-beda-e3693350f656",
              "parentUUID": "2999b395-b647-444c-a034-01100c4bcd21",
              "isHook": false,
              "skipped": false
            }
          ],
          "suites": [],
          "passes": [],
          "failures": [
            "63bbc06e-9b56-4858-80b5-24856f87fc90",
            "585cf280-0bf0-45b8-94ad-86247322b67d",
            "dba870cc-84a1-407a-beda-e3693350f656"
          ],
          "pending": [],
          "skipped": [],
          "duration": 30446,
          "root": false,
          "rootEmpty": false,
          "_timeout": 2000
        }
      ],
      "passes": [],
      "failures": [],
      "pending": [],
      "skipped": [],
      "duration": 0,
      "root": true,
      "rootEmpty": true,
      "_timeout": 2000
    }
  ],
  "meta": {
    "mocha": {
      "version": "7.2.0"
    },
    "mochawesome": {
      "options": {
        "quiet": false,
        "reportFilename": "mochawesome",
        "saveHtml": false,
        "saveJson": true,
        "consoleReporter": "spec",
        "useInlineDiffs": false,
        "code": true
      },
      "version": "7.1.3"
    },
    "marge": {
      "options": {
        "reportDir": "cypress\\reports\\html\\.jsons",
        "overwrite": false,
        "html": false,
        "json": true
      },
      "version": "6.2.0"
    }
  }
}