{
  "stats": {
    "suites": 1,
    "tests": 1,
    "passes": 0,
    "pending": 0,
    "failures": 1,
    "start": "2025-05-10T05:16:45.903Z",
    "end": "2025-05-10T05:17:03.677Z",
    "duration": 17774,
    "testsRegistered": 1,
    "passPercent": 0,
    "pendingPercent": 0,
    "other": 0,
    "hasOther": false,
    "skipped": 0,
    "hasSkipped": false
  },
  "results": [
    {
      "uuid": "c2340efc-4237-49c1-aae6-377276b968bd",
      "title": "",
      "fullFile": "cypress\\e2e\\BrowserNavigations.cy.js",
      "file": "cypress\\e2e\\BrowserNavigations.cy.js",
      "beforeHooks": [],
      "afterHooks": [],
      "tests": [],
      "suites": [
        {
          "uuid": "959210ff-6654-4e87-ae6d-509c465c00d6",
          "title": "browser naigations",
          "fullFile": "",
          "file": "",
          "beforeHooks": [],
          "afterHooks": [],
          "tests": [
            {
              "title": "navigating into browser",
              "fullTitle": "browser naigations navigating into browser",
              "timedOut": null,
              "duration": 14937,
              "state": "failed",
              "speed": null,
              "pass": false,
              "fail": true,
              "pending": false,
              "context": "{\n  \"title\": \"cypress-mochawesome-reporter-screenshots\",\n  \"value\": [\n    [\n      \"\\\\BrowserNavigations.cy.js\\\\browser naigations -- navigating into browser (failed).png\"\n    ]\n  ]\n}",
              "code": "cy.visit(\"https://testautomationpractice.blogspot.com/\");\ncy.visit(\"https://www.google.com/\");\ncy.visit(\"https://testautomationpractice.blogspot.com/\");\n//going back\ncy.go('back');\n//going forward\ncy.go('forward');\n//reloading the page\ncy.reload();",
              "err": {
                "message": "CypressError: The command was expected to run against origin `https://testautomationpractice.blogspot.com` but the application is at origin `https://www.google.com`.\n\nThis commonly happens when you have either not navigated to the expected origin or have navigated away unexpectedly.\n\nUsing `cy.origin()` to wrap the commands run on `https://www.google.com` will likely fix this issue.\n\n`cy.origin('https://www.google.com', () => {`\n`  <commands targeting https://www.google.com go here>`\n`})`\n\nhttps://on.cypress.io/cy-visit-succeeded-but-commands-fail",
                "estack": "CypressError: The command was expected to run against origin `https://testautomationpractice.blogspot.com` but the application is at origin `https://www.google.com`.\n\nThis commonly happens when you have either not navigated to the expected origin or have navigated away unexpectedly.\n\nUsing `cy.origin()` to wrap the commands run on `https://www.google.com` will likely fix this issue.\n\n`cy.origin('https://www.google.com', () => {`\n`  <commands targeting https://www.google.com go here>`\n`})`\n\nhttps://on.cypress.io/cy-visit-succeeded-but-commands-fail\n    at cypressErr (https://testautomationpractice.blogspot.com/__cypress/runner/cypress_runner.js:76205:18)\n    at Object.errByPath (https://testautomationpractice.blogspot.com/__cypress/runner/cypress_runner.js:76259:10)\n    at Object.commandCanCommunicateWithAUT (https://testautomationpractice.blogspot.com/__cypress/runner/cypress_runner.js:147108:90)\n    at <unknown> (https://testautomationpractice.blogspot.com/__cypress/runner/cypress_runner.js:133285:26)\n    at PassThroughHandlerContext.finallyHandler (https://testautomationpractice.blogspot.com/__cypress/runner/cypress_runner.js:4042:23)\n    at PassThroughHandlerContext.tryCatcher (https://testautomationpractice.blogspot.com/__cypress/runner/cypress_runner.js:1777:23)\n    at Promise._settlePromiseFromHandler (https://testautomationpractice.blogspot.com/__cypress/runner/cypress_runner.js:1489:31)\n    at Promise._settlePromise (https://testautomationpractice.blogspot.com/__cypress/runner/cypress_runner.js:1546:18)\n    at Promise._settlePromise0 (https://testautomationpractice.blogspot.com/__cypress/runner/cypress_runner.js:1591:10)\n    at Promise._settlePromises (https://testautomationpractice.blogspot.com/__cypress/runner/cypress_runner.js:1671:18)\n    at _drainQueueStep (https://testautomationpractice.blogspot.com/__cypress/runner/cypress_runner.js:2377:12)\n    at _drainQueue (https://testautomationpractice.blogspot.com/__cypress/runner/cypress_runner.js:2370:9)\n    at Async._drainQueues (https://testautomationpractice.blogspot.com/__cypress/runner/cypress_runner.js:2386:5)\n    at Async.drainQueues (https://testautomationpractice.blogspot.com/__cypress/runner/cypress_runner.js:2256:14)\nFrom Your Spec Code:\n    at Context.eval (webpack://cypressautomaion/./cypress/e2e/BrowserNavigations.cy.js:7:11)",
                "diff": null
              },
              "uuid": "e0b21843-5d5e-445f-a781-97f493937c32",
              "parentUUID": "959210ff-6654-4e87-ae6d-509c465c00d6",
              "isHook": false,
              "skipped": false
            }
          ],
          "suites": [],
          "passes": [],
          "failures": [
            "e0b21843-5d5e-445f-a781-97f493937c32"
          ],
          "pending": [],
          "skipped": [],
          "duration": 14937,
          "root": false,
          "rootEmpty": false,
          "_timeout": 2000
        }
      ],
      "passes": [],
      "failures": [],
      "pending": [],
      "skipped": [],
      "duration": 0,
      "root": true,
      "rootEmpty": true,
      "_timeout": 2000
    }
  ],
  "meta": {
    "mocha": {
      "version": "7.2.0"
    },
    "mochawesome": {
      "options": {
        "quiet": false,
        "reportFilename": "mochawesome",
        "saveHtml": false,
        "saveJson": true,
        "consoleReporter": "spec",
        "useInlineDiffs": false,
        "code": true
      },
      "version": "7.1.3"
    },
    "marge": {
      "options": {
        "reportDir": "cypress\\reports\\html\\.jsons",
        "overwrite": false,
        "html": false,
        "json": true
      },
      "version": "6.2.0"
    }
  }
}