{
  "stats": {
    "suites": 1,
    "tests": 1,
    "passes": 1,
    "pending": 0,
    "failures": 0,
    "start": "2025-05-10T05:18:07.264Z",
    "end": "2025-05-10T05:18:13.952Z",
    "duration": 6688,
    "testsRegistered": 1,
    "passPercent": 100,
    "pendingPercent": 0,
    "other": 0,
    "hasOther": false,
    "skipped": 0,
    "hasSkipped": false
  },
  "results": [
    {
      "uuid": "be87d894-1ac9-4a93-bf00-f0c8e4ddad81",
      "title": "",
      "fullFile": "cypress\\e2e\\click.cy.js",
      "file": "cypress\\e2e\\click.cy.js",
      "beforeHooks": [],
      "afterHooks": [],
      "tests": [],
      "suites": [
        {
          "uuid": "80363e4f-ae67-413b-a91f-906646a99e52",
          "title": "click",
          "fullFile": "",
          "file": "",
          "beforeHooks": [],
          "afterHooks": [],
          "tests": [
            {
              "title": "clicking on a particular element",
              "fullTitle": "click clicking on a particular element",
              "timedOut": null,
              "duration": 4853,
              "state": "passed",
              "speed": "fast",
              "pass": true,
              "fail": false,
              "pending": false,
              "context": null,
              "code": "//This will open the website\ncy.visit('https://testautomationpractice.blogspot.com/');\n//This will click on the field name\ncy.get(\"#name\").click();\n//This will verify that the name field is visible n the page\ncy.get(\"#name\").should('be.visible');",
              "err": {},
              "uuid": "c1f3767b-b4d6-4a36-98ec-79d6fc368b62",
              "parentUUID": "80363e4f-ae67-413b-a91f-906646a99e52",
              "isHook": false,
              "skipped": false
            }
          ],
          "suites": [],
          "passes": [
            "c1f3767b-b4d6-4a36-98ec-79d6fc368b62"
          ],
          "failures": [],
          "pending": [],
          "skipped": [],
          "duration": 4853,
          "root": false,
          "rootEmpty": false,
          "_timeout": 2000
        }
      ],
      "passes": [],
      "failures": [],
      "pending": [],
      "skipped": [],
      "duration": 0,
      "root": true,
      "rootEmpty": true,
      "_timeout": 2000
    }
  ],
  "meta": {
    "mocha": {
      "version": "7.2.0"
    },
    "mochawesome": {
      "options": {
        "quiet": false,
        "reportFilename": "mochawesome",
        "saveHtml": false,
        "saveJson": true,
        "consoleReporter": "spec",
        "useInlineDiffs": false,
        "code": true
      },
      "version": "7.1.3"
    },
    "marge": {
      "options": {
        "reportDir": "cypress\\reports\\html\\.jsons",
        "overwrite": false,
        "html": false,
        "json": true
      },
      "version": "6.2.0"
    }
  }
}