{
  "stats": {
    "suites": 1,
    "tests": 1,
    "passes": 1,
    "pending": 0,
    "failures": 0,
    "start": "2025-05-12T11:10:43.253Z",
    "end": "2025-05-12T11:10:44.290Z",
    "duration": 1037,
    "testsRegistered": 1,
    "passPercent": 100,
    "pendingPercent": 0,
    "other": 0,
    "hasOther": false,
    "skipped": 0,
    "hasSkipped": false
  },
  "results": [
    {
      "uuid": "ca800b32-53f2-4dc9-ad7e-c6d163ae708b",
      "title": "",
      "fullFile": "cypress\\e2e\\GET.cy.js",
      "file": "cypress\\e2e\\GET.cy.js",
      "beforeHooks": [],
      "afterHooks": [],
      "tests": [],
      "suites": [
        {
          "uuid": "953c4849-ec10-4db5-9fc2-a59f623a1965",
          "title": "GET",
          "fullFile": "",
          "file": "",
          "beforeHooks": [],
          "afterHooks": [],
          "tests": [
            {
              "title": "GET API",
              "fullTitle": "GET GET API",
              "timedOut": null,
              "duration": 1006,
              "state": "passed",
              "speed": "fast",
              "pass": true,
              "fail": false,
              "pending": false,
              "context": null,
              "code": "cy.request(\"GET\", \"https://api.restful-api.dev/objects\").its('status').should('equal', 200);",
              "err": {},
              "uuid": "5745dda5-bca2-41c9-9e9b-85352fa10106",
              "parentUUID": "953c4849-ec10-4db5-9fc2-a59f623a1965",
              "isHook": false,
              "skipped": false
            }
          ],
          "suites": [],
          "passes": [
            "5745dda5-bca2-41c9-9e9b-85352fa10106"
          ],
          "failures": [],
          "pending": [],
          "skipped": [],
          "duration": 1006,
          "root": false,
          "rootEmpty": false,
          "_timeout": 2000
        }
      ],
      "passes": [],
      "failures": [],
      "pending": [],
      "skipped": [],
      "duration": 0,
      "root": true,
      "rootEmpty": true,
      "_timeout": 2000
    }
  ],
  "meta": {
    "mocha": {
      "version": "7.2.0"
    },
    "mochawesome": {
      "options": {
        "quiet": false,
        "reportFilename": "mochawesome",
        "saveHtml": false,
        "saveJson": true,
        "consoleReporter": "spec",
        "useInlineDiffs": false,
        "code": true
      },
      "version": "7.1.3"
    },
    "marge": {
      "options": {
        "reportDir": "cypress\\reports\\html\\.jsons",
        "overwrite": false,
        "html": false,
        "json": true
      },
      "version": "6.2.0"
    }
  }
}